[2013-03-16 09:26:46] START
[2013-03-16 09:26:46] EDIT welcome/controllers/default.py: 2
[2013-11-22 22:43:35] CREATE tables.py: 0
[2013-11-22 22:45:58] EDIT Blog/models/tables.py: 4
[2013-11-22 22:48:17] EDIT Blog/models/tables.py: 0
[2013-11-22 22:48:39] EDIT Blog/models/tables.py: 0
[2013-11-22 22:53:57] EDIT Blog/models/tables.py: 6
[2013-11-22 22:56:21] EDIT Blog/models/db.py: 2
[2013-11-22 23:04:18] EDIT Blog/views/default/index.html: -16
[2013-11-22 23:06:38] EDIT Blog/controllers/default.py: 4
[2013-11-22 23:07:09] EDIT Blog/models/tables.py: 0
[2013-11-22 23:07:21] EDIT Blog/views/default/index.html: 0
[2013-11-22 23:07:44] EDIT Blog/views/default/index.html: 0
[2013-11-22 23:07:51] EDIT Blog/models/tables.py: 0
[2013-11-22 23:09:03] EDIT Blog/controllers/default.py: 0
[2013-11-22 23:13:24] EDIT Blog/controllers/default.py: 0
[2013-11-22 23:13:43] EDIT Blog/controllers/default.py: 0
[2013-11-22 23:14:07] EDIT Blog/views/default/index.html: 0
[2013-11-22 23:20:03] CREATE default/profile.html: 0
[2013-11-22 23:25:30] EDIT Blog/controllers/default.py: 3
[2013-11-22 23:30:41] EDIT Blog/controllers/default.py: 6
[2013-11-22 23:32:10] EDIT Blog/views/default/index.html: 2
[2013-11-22 23:33:14] EDIT Blog/controllers/default.py: 0
[2013-11-22 23:33:49] EDIT Blog/models/tables.py: 6
[2013-11-22 23:34:37] EDIT Blog/views/default/profile.html: -1
[2013-11-22 23:35:03] EDIT Blog/views/default/index.html: 1
[2013-11-22 23:36:09] EDIT Blog/controllers/default.py: 0
[2013-11-22 23:36:36] EDIT Blog/views/default/profile.html: 0
[2013-11-22 23:36:49] EDIT Blog/views/default/profile.html: 0
[2013-11-22 23:37:58] EDIT Blog/views/default/profile.html: 0
[2013-11-22 23:38:03] EDIT Blog/views/default/profile.html: 0
[2013-11-22 23:38:11] EDIT Blog/views/default/profile.html: 0
[2013-11-22 23:39:27] EDIT Blog/controllers/default.py: -6
[2013-11-22 23:40:09] EDIT Blog/views/default/index.html: 1
[2013-11-22 23:42:10] EDIT Blog/views/default/profile.html: 0
[2013-11-22 23:43:17] EDIT Blog/models/tables.py: 0
[2013-11-22 23:43:45] EDIT Blog/controllers/default.py: 0
[2013-11-22 23:44:35] EDIT Blog/controllers/default.py: 0
[2013-11-22 23:44:59] EDIT Blog/models/tables.py: 0
[2013-11-22 23:45:40] EDIT Blog/views/default/index.html: -12
[2013-11-22 23:45:51] EDIT Blog/views/default/profile.html: 12
[2013-11-22 23:49:01] EDIT Blog/views/default/profile.html: 0
[2013-11-22 23:53:03] EDIT Blog/views/default/index.html: 1
[2013-11-22 23:57:38] EDIT Blog/views/default/profile.html: -1
[2013-11-22 23:58:48] EDIT Blog/views/default/profile.html: 3
[2013-11-22 23:59:42] EDIT Blog/views/default/profile.html: 0
[2013-11-23 00:00:23] EDIT Blog/views/default/profile.html: 1
[2013-11-23 00:00:46] EDIT Blog/views/default/profile.html: 0
[2013-11-23 00:00:59] EDIT Blog/views/default/profile.html: 0
[2013-11-23 00:02:46] EDIT Blog/views/default/profile.html: 0
[2013-11-23 00:03:04] EDIT Blog/views/default/profile.html: 0
[2013-11-23 00:05:26] EDIT Blog/views/default/profile.html: 0
[2013-11-23 00:06:19] EDIT Blog/views/default/profile.html: 0
[2013-11-23 00:06:36] EDIT Blog/views/default/profile.html: 0
[2013-11-23 00:07:34] EDIT Blog/views/default/profile.html: 0
[2013-11-23 00:09:20] EDIT Blog/views/layout.html: 0
[2013-11-23 00:09:58] EDIT Blog/views/layout.html: 0
[2013-11-23 00:14:38] EDIT Blog/views/default/profile.html: 0
[2013-11-23 00:16:52] EDIT Blog/views/default/profile.html: 0
[2013-11-23 00:18:08] EDIT Blog/views/default/profile.html: 0
[2013-11-23 00:18:51] EDIT Blog/views/layout.html: 0
[2013-11-23 00:19:27] EDIT Blog/views/default/profile.html: 1
[2013-11-23 00:21:26] EDIT Blog/views/default/profile.html: 1
[2013-11-23 00:21:48] EDIT Blog/views/default/profile.html: 3
[2013-11-23 00:22:05] EDIT Blog/views/default/profile.html: -2
[2013-11-23 00:22:21] EDIT Blog/views/default/profile.html: 1
[2013-11-23 00:24:20] EDIT Blog/views/default/profile.html: -4
[2013-11-23 00:24:32] EDIT Blog/views/default/profile.html: 0
[2013-11-23 00:25:24] EDIT Blog/views/default/profile.html: 0
